<<<<<<< HEAD
[github.com/flipped-aurora/gin-vue-admin/server]2025-07-20 22:20:31.178	[34minfo[0m	D:/GoWok/three/AI-VideoCloud/server/initialize/gorm.go:77	register table success
[github.com/flipped-aurora/gin-vue-admin/server]2025-07-20 22:20:31.227	[34minfo[0m	D:/GoWok/three/AI-VideoCloud/server/initialize/router.go:71	register swagger handler
[github.com/flipped-aurora/gin-vue-admin/server]2025-07-20 22:20:31.502	[34minfo[0m	D:/GoWok/three/AI-VideoCloud/server/initialize/router.go:120	router register success
[github.com/flipped-aurora/gin-vue-admin/server]2025-07-20 22:22:15.061	[34minfo[0m	D:/GoWok/three/AI-VideoCloud/server/api/v1/system/sys_initdb.go:57	æ•°æ®åº“æ— éœ€åˆå§‹åŒ–
[github.com/flipped-aurora/gin-vue-admin/server]2025-07-20 22:29:59.973	[34minfo[0m	D:/GoWok/three/AI-VideoCloud/server/core/server_run.go:48	å…³é—­WEBæœåŠ¡...
[github.com/flipped-aurora/gin-vue-admin/server]2025-07-20 22:29:59.984	[34minfo[0m	D:/GoWok/three/AI-VideoCloud/server/core/server_run.go:59	WEBæœåŠ¡å·²å…³é—­
[github.com/flipped-aurora/gin-vue-admin/server]2025-07-20 22:30:20.775	[34minfo[0m	D:/GoWok/three/AI-VideoCloud/server/initialize/gorm.go:77	register table success
[github.com/flipped-aurora/gin-vue-admin/server]2025-07-20 22:30:20.785	[34minfo[0m	D:/GoWok/three/AI-VideoCloud/server/initialize/router.go:71	register swagger handler
[github.com/flipped-aurora/gin-vue-admin/server]2025-07-20 22:30:21.051	[34minfo[0m	D:/GoWok/three/AI-VideoCloud/server/initialize/router.go:120	router register success
[github.com/flipped-aurora/gin-vue-admin/server]2025-07-20 22:43:23.080	[34minfo[0m	D:/GoWok/three/AI-VideoCloud/server/core/server_run.go:48	å…³é—­WEBæœåŠ¡...
[github.com/flipped-aurora/gin-vue-admin/server]2025-07-20 22:43:23.080	[34minfo[0m	D:/GoWok/three/AI-VideoCloud/server/core/server_run.go:59	WEBæœåŠ¡å·²å…³é—­
[github.com/flipped-aurora/gin-vue-admin/server]2025-07-20 22:43:37.909	[34minfo[0m	D:/GoWok/three/AI-VideoCloud/server/initialize/gorm.go:77	register table success
[github.com/flipped-aurora/gin-vue-admin/server]2025-07-20 22:43:37.918	[34minfo[0m	D:/GoWok/three/AI-VideoCloud/server/initialize/router.go:71	register swagger handler
[github.com/flipped-aurora/gin-vue-admin/server]2025-07-20 22:43:38.077	[34minfo[0m	D:/GoWok/three/AI-VideoCloud/server/initialize/router.go:120	router register success
=======
[github.com/flipped-aurora/gin-vue-admin/server]2025-07-20 20:33:59.809	[34minfo[0m	D:/GoWork/SX/xm/AI-VideoCloud/server/initialize/gorm.go:77	register table success
[github.com/flipped-aurora/gin-vue-admin/server]2025-07-20 20:33:59.819	[34minfo[0m	D:/GoWork/SX/xm/AI-VideoCloud/server/initialize/router.go:71	register swagger handler
[github.com/flipped-aurora/gin-vue-admin/server]2025-07-20 20:34:00.166	[34minfo[0m	D:/GoWork/SX/xm/AI-VideoCloud/server/initialize/router.go:120	router register success
[github.com/flipped-aurora/gin-vue-admin/server]2025-07-20 22:04:09.411	[34minfo[0m	D:/GoWork/SX/xm/AI-VideoCloud/server/core/server_run.go:48	å…³é—­WEBæœåŠ¡...
[github.com/flipped-aurora/gin-vue-admin/server]2025-07-20 22:04:09.417	[34minfo[0m	D:/GoWork/SX/xm/AI-VideoCloud/server/core/server_run.go:59	WEBæœåŠ¡å·²å…³é—­
[github.com/flipped-aurora/gin-vue-admin/server]2025-07-20 22:04:44.221	[34minfo[0m	D:/GoWork/SX/xm/AI-VideoCloud/server/initialize/gorm.go:77	register table success
[github.com/flipped-aurora/gin-vue-admin/server]2025-07-20 22:04:44.245	[34minfo[0m	D:/GoWork/SX/xm/AI-VideoCloud/server/initialize/router.go:71	register swagger handler
[github.com/flipped-aurora/gin-vue-admin/server]2025-07-20 22:04:44.709	[34minfo[0m	D:/GoWork/SX/xm/AI-VideoCloud/server/initialize/router.go:120	router register success
[github.com/flipped-aurora/gin-vue-admin/server]2025-07-20 22:08:25.664	[34minfo[0m	D:/GoWork/SX/xm/AI-VideoCloud/server/core/server_run.go:48	å…³é—­WEBæœåŠ¡...
[github.com/flipped-aurora/gin-vue-admin/server]2025-07-20 22:08:25.665	[34minfo[0m	D:/GoWork/SX/xm/AI-VideoCloud/server/core/server_run.go:59	WEBæœåŠ¡å·²å…³é—­
[github.com/flipped-aurora/gin-vue-admin/server]2025-07-20 22:08:40.859	[34minfo[0m	D:/GoWork/SX/xm/AI-VideoCloud/server/initialize/gorm.go:77	register table success
[github.com/flipped-aurora/gin-vue-admin/server]2025-07-20 22:08:40.871	[34minfo[0m	D:/GoWork/SX/xm/AI-VideoCloud/server/initialize/router.go:71	register swagger handler
[github.com/flipped-aurora/gin-vue-admin/server]2025-07-20 22:08:41.200	[34minfo[0m	D:/GoWork/SX/xm/AI-VideoCloud/server/initialize/router.go:120	router register success
[github.com/flipped-aurora/gin-vue-admin/server]2025-07-20 22:09:53.226	[34minfo[0m	D:/GoWork/SX/xm/AI-VideoCloud/server/core/server_run.go:48	å…³é—­WEBæœåŠ¡...
[github.com/flipped-aurora/gin-vue-admin/server]2025-07-20 22:09:53.227	[34minfo[0m	D:/GoWork/SX/xm/AI-VideoCloud/server/core/server_run.go:59	WEBæœåŠ¡å·²å…³é—­
[github.com/flipped-aurora/gin-vue-admin/server]2025-07-20 22:10:07.715	[34minfo[0m	D:/GoWork/SX/xm/AI-VideoCloud/server/initialize/gorm.go:77	register table success
[github.com/flipped-aurora/gin-vue-admin/server]2025-07-20 22:10:07.725	[34minfo[0m	D:/GoWork/SX/xm/AI-VideoCloud/server/initialize/router.go:71	register swagger handler
[github.com/flipped-aurora/gin-vue-admin/server]2025-07-20 22:10:08.080	[34minfo[0m	D:/GoWork/SX/xm/AI-VideoCloud/server/initialize/router.go:120	router register success
[github.com/flipped-aurora/gin-vue-admin/server]2025-07-20 22:17:41.049	[34minfo[0m	D:/GoWork/SX/xm/AI-VideoCloud/server/core/server_run.go:48	å…³é—­WEBæœåŠ¡...
[github.com/flipped-aurora/gin-vue-admin/server]2025-07-20 22:17:41.052	[34minfo[0m	D:/GoWork/SX/xm/AI-VideoCloud/server/core/server_run.go:59	WEBæœåŠ¡å·²å…³é—­
[github.com/flipped-aurora/gin-vue-admin/server]2025-07-20 22:18:10.069	[34minfo[0m	D:/GoWork/SX/xm/AI-VideoCloud/server/initialize/gorm.go:77	register table success
[github.com/flipped-aurora/gin-vue-admin/server]2025-07-20 22:18:10.081	[34minfo[0m	D:/GoWork/SX/xm/AI-VideoCloud/server/initialize/router.go:71	register swagger handler
[github.com/flipped-aurora/gin-vue-admin/server]2025-07-20 22:18:10.668	[34minfo[0m	D:/GoWork/SX/xm/AI-VideoCloud/server/initialize/router.go:120	router register success
[github.com/flipped-aurora/gin-vue-admin/server]2025-07-20 22:24:59.978	[34minfo[0m	D:/GoWork/SX/xm/AI-VideoCloud/server/core/server_run.go:48	å…³é—­WEBæœåŠ¡...
[github.com/flipped-aurora/gin-vue-admin/server]2025-07-20 22:24:59.979	[34minfo[0m	D:/GoWork/SX/xm/AI-VideoCloud/server/core/server_run.go:59	WEBæœåŠ¡å·²å…³é—­
[github.com/flipped-aurora/gin-vue-admin/server]2025-07-20 22:25:28.080	[34minfo[0m	D:/GoWork/SX/xm/AI-VideoCloud/server/initialize/gorm.go:77	register table success
[github.com/flipped-aurora/gin-vue-admin/server]2025-07-20 22:25:28.094	[34minfo[0m	D:/GoWork/SX/xm/AI-VideoCloud/server/initialize/router.go:71	register swagger handler
[github.com/flipped-aurora/gin-vue-admin/server]2025-07-20 22:25:28.735	[34minfo[0m	D:/GoWork/SX/xm/AI-VideoCloud/server/initialize/router.go:120	router register success
[github.com/flipped-aurora/gin-vue-admin/server]2025-07-20 22:27:58.962	[34minfo[0m	D:/GoWork/SX/xm/AI-VideoCloud/server/core/server_run.go:48	å…³é—­WEBæœåŠ¡...
[github.com/flipped-aurora/gin-vue-admin/server]2025-07-20 22:27:58.963	[34minfo[0m	D:/GoWork/SX/xm/AI-VideoCloud/server/core/server_run.go:59	WEBæœåŠ¡å·²å…³é—­
[github.com/flipped-aurora/gin-vue-admin/server]2025-07-20 22:28:29.734	[34minfo[0m	D:/GoWork/SX/xm/AI-VideoCloud/server/initialize/gorm.go:77	register table success
[github.com/flipped-aurora/gin-vue-admin/server]2025-07-20 22:28:29.754	[34minfo[0m	D:/GoWork/SX/xm/AI-VideoCloud/server/initialize/router.go:71	register swagger handler
[github.com/flipped-aurora/gin-vue-admin/server]2025-07-20 22:28:30.550	[34minfo[0m	D:/GoWork/SX/xm/AI-VideoCloud/server/initialize/router.go:120	router register success
[github.com/flipped-aurora/gin-vue-admin/server]2025-07-20 22:29:35.664	[34minfo[0m	D:/GoWork/SX/xm/AI-VideoCloud/server/core/server_run.go:48	å…³é—­WEBæœåŠ¡...
[github.com/flipped-aurora/gin-vue-admin/server]2025-07-20 22:29:35.666	[34minfo[0m	D:/GoWork/SX/xm/AI-VideoCloud/server/core/server_run.go:59	WEBæœåŠ¡å·²å…³é—­
[github.com/flipped-aurora/gin-vue-admin/server]2025-07-20 22:29:52.291	[34minfo[0m	D:/GoWork/SX/xm/AI-VideoCloud/server/initialize/gorm.go:77	register table success
[github.com/flipped-aurora/gin-vue-admin/server]2025-07-20 22:29:52.317	[34minfo[0m	D:/GoWork/SX/xm/AI-VideoCloud/server/initialize/router.go:71	register swagger handler
[github.com/flipped-aurora/gin-vue-admin/server]2025-07-20 22:29:53.226	[34minfo[0m	D:/GoWork/SX/xm/AI-VideoCloud/server/initialize/router.go:120	router register success
[github.com/flipped-aurora/gin-vue-admin/server]2025-07-20 22:32:47.210	[34minfo[0m	D:/GoWork/SX/xm/AI-VideoCloud/server/core/server_run.go:48	å…³é—­WEBæœåŠ¡...
[github.com/flipped-aurora/gin-vue-admin/server]2025-07-20 22:32:47.212	[34minfo[0m	D:/GoWork/SX/xm/AI-VideoCloud/server/core/server_run.go:59	WEBæœåŠ¡å·²å…³é—­
[github.com/flipped-aurora/gin-vue-admin/server]2025-07-20 22:33:10.241	[34minfo[0m	D:/GoWork/SX/xm/AI-VideoCloud/server/initialize/gorm.go:77	register table success
[github.com/flipped-aurora/gin-vue-admin/server]2025-07-20 22:33:10.280	[34minfo[0m	D:/GoWork/SX/xm/AI-VideoCloud/server/initialize/router.go:71	register swagger handler
[github.com/flipped-aurora/gin-vue-admin/server]2025-07-20 22:33:11.310	[34minfo[0m	D:/GoWork/SX/xm/AI-VideoCloud/server/initialize/router.go:120	router register success
[github.com/flipped-aurora/gin-vue-admin/server]2025-07-20 22:40:36.884	[34minfo[0m	D:/GoWork/SX/xm/AI-VideoCloud/server/core/server_run.go:48	å…³é—­WEBæœåŠ¡...
[github.com/flipped-aurora/gin-vue-admin/server]2025-07-20 22:40:36.886	[34minfo[0m	D:/GoWork/SX/xm/AI-VideoCloud/server/core/server_run.go:59	WEBæœåŠ¡å·²å…³é—­
>>>>>>> hjy
