[github.com/flipped-aurora/gin-vue-admin/server]2025-07-21 09:07:08.789	[34minfo[0m	D:/GoWork/SX/xm/AI-VideoCloud/server/initialize/gorm.go:77	register table success
[github.com/flipped-aurora/gin-vue-admin/server]2025-07-21 09:07:08.817	[34minfo[0m	D:/GoWork/SX/xm/AI-VideoCloud/server/initialize/router.go:71	register swagger handler
[github.com/flipped-aurora/gin-vue-admin/server]2025-07-21 09:07:09.218	[34minfo[0m	D:/GoWork/SX/xm/AI-VideoCloud/server/initialize/router.go:120	router register success
[github.com/flipped-aurora/gin-vue-admin/server]2025-07-21 09:29:13.215	[34minfo[0m	D:/GoWork/SX/xm/AI-VideoCloud/server/core/server_run.go:48	å…³é—­WEBæœåŠ¡...
[github.com/flipped-aurora/gin-vue-admin/server]2025-07-21 09:29:13.222	[34minfo[0m	D:/GoWork/SX/xm/AI-VideoCloud/server/core/server_run.go:59	WEBæœåŠ¡å·²å…³é—­
[github.com/flipped-aurora/gin-vue-admin/server]2025-07-21 09:29:29.332	[34minfo[0m	D:/GoWork/SX/xm/AI-VideoCloud/server/initialize/gorm.go:77	register table success
[github.com/flipped-aurora/gin-vue-admin/server]2025-07-21 09:29:29.372	[34minfo[0m	D:/GoWork/SX/xm/AI-VideoCloud/server/initialize/router.go:71	register swagger handler
[github.com/flipped-aurora/gin-vue-admin/server]2025-07-21 09:29:29.788	[34minfo[0m	D:/GoWork/SX/xm/AI-VideoCloud/server/initialize/router.go:120	router register success
[github.com/flipped-aurora/gin-vue-admin/server]2025-07-21 09:36:17.319	[34minfo[0m	D:/GoWork/SX/xm/AI-VideoCloud/server/core/server_run.go:48	å…³é—­WEBæœåŠ¡...
[github.com/flipped-aurora/gin-vue-admin/server]2025-07-21 09:36:17.320	[34minfo[0m	D:/GoWork/SX/xm/AI-VideoCloud/server/core/server_run.go:59	WEBæœåŠ¡å·²å…³é—­
[github.com/flipped-aurora/gin-vue-admin/server]2025-07-21 09:36:29.695	[34minfo[0m	D:/GoWork/SX/xm/AI-VideoCloud/server/initialize/gorm.go:77	register table success
[github.com/flipped-aurora/gin-vue-admin/server]2025-07-21 09:36:29.709	[34minfo[0m	D:/GoWork/SX/xm/AI-VideoCloud/server/initialize/router.go:71	register swagger handler
[github.com/flipped-aurora/gin-vue-admin/server]2025-07-21 09:36:30.087	[34minfo[0m	D:/GoWork/SX/xm/AI-VideoCloud/server/initialize/router.go:120	router register success
[github.com/flipped-aurora/gin-vue-admin/server]2025-07-21 12:01:19.562	[34minfo[0m	D:/GoWork/SX/xm/AI-VideoCloud/server/core/server_run.go:48	å…³é—­WEBæœåŠ¡...
[github.com/flipped-aurora/gin-vue-admin/server]2025-07-21 12:01:19.564	[34minfo[0m	D:/GoWork/SX/xm/AI-VideoCloud/server/core/server_run.go:59	WEBæœåŠ¡å·²å…³é—­
[github.com/flipped-aurora/gin-vue-admin/server]2025-07-21 12:01:38.543	[34minfo[0m	D:/GoWork/SX/xm/AI-VideoCloud/server/initialize/gorm.go:77	register table success
[github.com/flipped-aurora/gin-vue-admin/server]2025-07-21 12:01:38.570	[34minfo[0m	D:/GoWork/SX/xm/AI-VideoCloud/server/initialize/router.go:71	register swagger handler
[github.com/flipped-aurora/gin-vue-admin/server]2025-07-21 12:01:39.653	[34minfo[0m	D:/GoWork/SX/xm/AI-VideoCloud/server/initialize/router.go:120	router register success
[github.com/flipped-aurora/gin-vue-admin/server]2025-07-21 12:04:00.097	[34minfo[0m	D:/GoWork/SX/xm/AI-VideoCloud/server/core/server_run.go:48	å…³é—­WEBæœåŠ¡...
[github.com/flipped-aurora/gin-vue-admin/server]2025-07-21 12:04:00.099	[34minfo[0m	D:/GoWork/SX/xm/AI-VideoCloud/server/core/server_run.go:59	WEBæœåŠ¡å·²å…³é—­
[github.com/flipped-aurora/gin-vue-admin/server]2025-07-21 12:04:23.197	[34minfo[0m	D:/GoWork/SX/xm/AI-VideoCloud/server/initialize/gorm.go:77	register table success
[github.com/flipped-aurora/gin-vue-admin/server]2025-07-21 12:04:23.249	[34minfo[0m	D:/GoWork/SX/xm/AI-VideoCloud/server/initialize/router.go:71	register swagger handler
[github.com/flipped-aurora/gin-vue-admin/server]2025-07-21 12:04:24.340	[34minfo[0m	D:/GoWork/SX/xm/AI-VideoCloud/server/initialize/router.go:120	router register success
[github.com/flipped-aurora/gin-vue-admin/server]2025-07-21 12:07:34.449	[34minfo[0m	D:/GoWork/SX/xm/AI-VideoCloud/server/core/server_run.go:48	å…³é—­WEBæœåŠ¡...
[github.com/flipped-aurora/gin-vue-admin/server]2025-07-21 12:07:34.450	[34minfo[0m	D:/GoWork/SX/xm/AI-VideoCloud/server/core/server_run.go:59	WEBæœåŠ¡å·²å…³é—­
[github.com/flipped-aurora/gin-vue-admin/server]2025-07-21 12:07:56.967	[34minfo[0m	D:/GoWork/SX/xm/AI-VideoCloud/server/initialize/gorm.go:77	register table success
[github.com/flipped-aurora/gin-vue-admin/server]2025-07-21 12:07:57.028	[34minfo[0m	D:/GoWork/SX/xm/AI-VideoCloud/server/initialize/router.go:71	register swagger handler
[github.com/flipped-aurora/gin-vue-admin/server]2025-07-21 12:07:57.961	[34minfo[0m	D:/GoWork/SX/xm/AI-VideoCloud/server/initialize/router.go:120	router register success
[github.com/flipped-aurora/gin-vue-admin/server]2025-07-21 14:35:05.936	[34minfo[0m	D:/GoWork/SX/xm/AI-VideoCloud/server/core/server_run.go:48	å…³é—­WEBæœåŠ¡...
[github.com/flipped-aurora/gin-vue-admin/server]2025-07-21 14:35:05.937	[34minfo[0m	D:/GoWork/SX/xm/AI-VideoCloud/server/core/server_run.go:59	WEBæœåŠ¡å·²å…³é—­
[github.com/flipped-aurora/gin-vue-admin/server]2025-07-21 14:35:31.168	[34minfo[0m	D:/GoWork/SX/xm/AI-VideoCloud/server/initialize/gorm.go:77	register table success
[github.com/flipped-aurora/gin-vue-admin/server]2025-07-21 14:35:31.208	[34minfo[0m	D:/GoWork/SX/xm/AI-VideoCloud/server/initialize/router.go:71	register swagger handler
[github.com/flipped-aurora/gin-vue-admin/server]2025-07-21 14:35:32.285	[34minfo[0m	D:/GoWork/SX/xm/AI-VideoCloud/server/initialize/router.go:120	router register success
[github.com/flipped-aurora/gin-vue-admin/server]2025-07-21 14:46:48.907	[34minfo[0m	D:/GoWork/SX/xm/AI-VideoCloud/server/core/server_run.go:48	å…³é—­WEBæœåŠ¡...
[github.com/flipped-aurora/gin-vue-admin/server]2025-07-21 14:46:48.908	[34minfo[0m	D:/GoWork/SX/xm/AI-VideoCloud/server/core/server_run.go:59	WEBæœåŠ¡å·²å…³é—­
[github.com/flipped-aurora/gin-vue-admin/server]2025-07-21 14:47:03.627	[34minfo[0m	D:/GoWork/SX/xm/AI-VideoCloud/server/initialize/gorm.go:77	register table success
[github.com/flipped-aurora/gin-vue-admin/server]2025-07-21 14:47:03.661	[34minfo[0m	D:/GoWork/SX/xm/AI-VideoCloud/server/initialize/router.go:71	register swagger handler
[github.com/flipped-aurora/gin-vue-admin/server]2025-07-21 14:47:04.180	[34minfo[0m	D:/GoWork/SX/xm/AI-VideoCloud/server/initialize/router.go:120	router register success
[github.com/flipped-aurora/gin-vue-admin/server]2025-07-21 14:53:17.848	[34minfo[0m	D:/GoWork/SX/xm/AI-VideoCloud/server/core/server_run.go:48	å…³é—­WEBæœåŠ¡...
[github.com/flipped-aurora/gin-vue-admin/server]2025-07-21 14:53:17.850	[34minfo[0m	D:/GoWork/SX/xm/AI-VideoCloud/server/core/server_run.go:59	WEBæœåŠ¡å·²å…³é—­
[github.com/flipped-aurora/gin-vue-admin/server]2025-07-21 14:53:43.021	[34minfo[0m	D:/GoWork/SX/xm/AI-VideoCloud/server/initialize/gorm.go:77	register table success
[github.com/flipped-aurora/gin-vue-admin/server]2025-07-21 14:53:43.040	[34minfo[0m	D:/GoWork/SX/xm/AI-VideoCloud/server/initialize/router.go:71	register swagger handler
[github.com/flipped-aurora/gin-vue-admin/server]2025-07-21 14:53:44.770	[34minfo[0m	D:/GoWork/SX/xm/AI-VideoCloud/server/initialize/router.go:120	router register success
[github.com/flipped-aurora/gin-vue-admin/server]2025-07-21 14:55:42.212	[34minfo[0m	D:/GoWork/SX/xm/AI-VideoCloud/server/core/server_run.go:48	å…³é—­WEBæœåŠ¡...
[github.com/flipped-aurora/gin-vue-admin/server]2025-07-21 14:55:42.212	[34minfo[0m	D:/GoWork/SX/xm/AI-VideoCloud/server/core/server_run.go:59	WEBæœåŠ¡å·²å…³é—­
[github.com/flipped-aurora/gin-vue-admin/server]2025-07-21 14:56:00.691	[34minfo[0m	D:/GoWork/SX/xm/AI-VideoCloud/server/initialize/gorm.go:77	register table success
[github.com/flipped-aurora/gin-vue-admin/server]2025-07-21 14:56:00.711	[34minfo[0m	D:/GoWork/SX/xm/AI-VideoCloud/server/initialize/router.go:71	register swagger handler
[github.com/flipped-aurora/gin-vue-admin/server]2025-07-21 14:56:01.085	[34minfo[0m	D:/GoWork/SX/xm/AI-VideoCloud/server/initialize/router.go:120	router register success
[github.com/flipped-aurora/gin-vue-admin/server]2025-07-21 15:02:01.520	[34minfo[0m	D:/GoWork/SX/xm/AI-VideoCloud/server/core/server_run.go:48	å…³é—­WEBæœåŠ¡...
[github.com/flipped-aurora/gin-vue-admin/server]2025-07-21 15:02:01.523	[34minfo[0m	D:/GoWork/SX/xm/AI-VideoCloud/server/core/server_run.go:59	WEBæœåŠ¡å·²å…³é—­
[github.com/flipped-aurora/gin-vue-admin/server]2025-07-21 15:02:16.228	[34minfo[0m	D:/GoWork/SX/xm/AI-VideoCloud/server/initialize/gorm.go:77	register table success
[github.com/flipped-aurora/gin-vue-admin/server]2025-07-21 15:02:16.291	[34minfo[0m	D:/GoWork/SX/xm/AI-VideoCloud/server/initialize/router.go:71	register swagger handler
[github.com/flipped-aurora/gin-vue-admin/server]2025-07-21 15:02:17.362	[34minfo[0m	D:/GoWork/SX/xm/AI-VideoCloud/server/initialize/router.go:120	router register success
[github.com/flipped-aurora/gin-vue-admin/server]2025-07-21 15:09:40.482	[34minfo[0m	D:/GoWork/SX/xm/AI-VideoCloud/server/core/server_run.go:48	å…³é—­WEBæœåŠ¡...
[github.com/flipped-aurora/gin-vue-admin/server]2025-07-21 15:09:40.483	[34minfo[0m	D:/GoWork/SX/xm/AI-VideoCloud/server/core/server_run.go:59	WEBæœåŠ¡å·²å…³é—­
[github.com/flipped-aurora/gin-vue-admin/server]2025-07-21 15:10:03.171	[34minfo[0m	D:/GoWork/SX/xm/AI-VideoCloud/server/initialize/gorm.go:77	register table success
[github.com/flipped-aurora/gin-vue-admin/server]2025-07-21 15:10:03.191	[34minfo[0m	D:/GoWork/SX/xm/AI-VideoCloud/server/initialize/router.go:71	register swagger handler
[github.com/flipped-aurora/gin-vue-admin/server]2025-07-21 15:10:03.687	[34minfo[0m	D:/GoWork/SX/xm/AI-VideoCloud/server/initialize/router.go:120	router register success
[github.com/flipped-aurora/gin-vue-admin/server]2025-07-21 22:42:27.643	[34minfo[0m	D:/GoWork/SX/xm/AI-VideoCloud/server/core/server_run.go:48	å…³é—­WEBæœåŠ¡...
[github.com/flipped-aurora/gin-vue-admin/server]2025-07-21 22:42:27.646	[34minfo[0m	D:/GoWork/SX/xm/AI-VideoCloud/server/core/server_run.go:59	WEBæœåŠ¡å·²å…³é—­
