[github.com/flipped-aurora/gin-vue-admin/server]2025-07-28 09:18:04.344	[34minfo[0m	D:/GoWork/SX/xm/AI-VideoCloud/server/initialize/gorm.go:77	register table success
[github.com/flipped-aurora/gin-vue-admin/server]2025-07-28 09:18:04.379	[34minfo[0m	D:/GoWork/SX/xm/AI-VideoCloud/server/initialize/router.go:71	register swagger handler
[github.com/flipped-aurora/gin-vue-admin/server]2025-07-28 09:18:05.794	[34minfo[0m	D:/GoWork/SX/xm/AI-VideoCloud/server/initialize/router.go:120	router register success
[github.com/flipped-aurora/gin-vue-admin/server]2025-07-28 19:44:49.437	[34minfo[0m	D:/GoWork/SX/xm/AI-VideoCloud/server/core/server_run.go:48	å…³é—­WEBæœåŠ¡...
[github.com/flipped-aurora/gin-vue-admin/server]2025-07-28 19:44:49.439	[34minfo[0m	D:/GoWork/SX/xm/AI-VideoCloud/server/core/server_run.go:59	WEBæœåŠ¡å·²å…³é—­
[github.com/flipped-aurora/gin-vue-admin/server]2025-07-28 21:19:14.833	[34minfo[0m	D:/GoWork/SX/xm/AI-VideoCloud/server/initialize/gorm.go:77	register table success
[github.com/flipped-aurora/gin-vue-admin/server]2025-07-28 21:19:14.887	[34minfo[0m	D:/GoWork/SX/xm/AI-VideoCloud/server/initialize/router.go:71	register swagger handler
[github.com/flipped-aurora/gin-vue-admin/server]2025-07-28 21:19:15.938	[34minfo[0m	D:/GoWork/SX/xm/AI-VideoCloud/server/initialize/router.go:120	router register success
[github.com/flipped-aurora/gin-vue-admin/server]2025-07-28 21:23:00.120	[34minfo[0m	D:/GoWork/SX/xm/AI-VideoCloud/server/api/v1/device/monitor_device.go:129	å¼€å§‹è§†é¢‘å®¡æ ¸æµç¨‹	{"streamUrl": "rtsp://camera.example.com/stream"}
[github.com/flipped-aurora/gin-vue-admin/server]2025-07-28 21:23:00.122	[34minfo[0m	D:/GoWork/SX/xm/AI-VideoCloud/server/api/v1/device/monitor_device.go:27	å¼€å§‹ä»è§†é¢‘æµä¸‹è½½å†…å®¹	{"streamUrl": "rtsp://camera.example.com/stream"}
[github.com/flipped-aurora/gin-vue-admin/server]2025-07-28 21:45:10.100	[34minfo[0m	D:/GoWork/SX/xm/AI-VideoCloud/server/core/server_run.go:48	å…³é—­WEBæœåŠ¡...
[github.com/flipped-aurora/gin-vue-admin/server]2025-07-28 21:45:10.101	[34minfo[0m	D:/GoWork/SX/xm/AI-VideoCloud/server/core/server_run.go:59	WEBæœåŠ¡å·²å…³é—­
[github.com/flipped-aurora/gin-vue-admin/server]2025-07-28 21:45:40.617	[34minfo[0m	D:/GoWork/SX/xm/AI-VideoCloud/server/initialize/gorm.go:77	register table success
[github.com/flipped-aurora/gin-vue-admin/server]2025-07-28 21:45:40.700	[34minfo[0m	D:/GoWork/SX/xm/AI-VideoCloud/server/initialize/router.go:71	register swagger handler
[github.com/flipped-aurora/gin-vue-admin/server]2025-07-28 21:45:41.316	[34minfo[0m	D:/GoWork/SX/xm/AI-VideoCloud/server/initialize/router.go:120	router register success
[github.com/flipped-aurora/gin-vue-admin/server]2025-07-28 21:47:06.817	[34minfo[0m	D:/GoWork/SX/xm/AI-VideoCloud/server/api/v1/device/monitor_device.go:129	å¼€å§‹è§†é¢‘å®¡æ ¸æµç¨‹	{"streamUrl": "rtsp://camera.example.com/stream"}
[github.com/flipped-aurora/gin-vue-admin/server]2025-07-28 21:47:06.818	[34minfo[0m	D:/GoWork/SX/xm/AI-VideoCloud/server/api/v1/device/monitor_device.go:27	å¼€å§‹ä»è§†é¢‘æµä¸‹è½½å†…å®¹	{"streamUrl": "rtsp://camera.example.com/stream"}
[github.com/flipped-aurora/gin-vue-admin/server]2025-07-28 21:48:38.546	[34minfo[0m	D:/GoWork/SX/xm/AI-VideoCloud/server/api/v1/device/monitor_device.go:129	å¼€å§‹è§†é¢‘å®¡æ ¸æµç¨‹	{"streamUrl": "C:\\Users\\34965\\Desktop\\fun\\Seventeenæµè§ˆå™¨åå‘¨å¹´.mp4"}
[github.com/flipped-aurora/gin-vue-admin/server]2025-07-28 21:48:38.547	[34minfo[0m	D:/GoWork/SX/xm/AI-VideoCloud/server/api/v1/device/monitor_device.go:27	å¼€å§‹ä»è§†é¢‘æµä¸‹è½½å†…å®¹	{"streamUrl": "C:\\Users\\34965\\Desktop\\fun\\Seventeenæµè§ˆå™¨åå‘¨å¹´.mp4"}
[github.com/flipped-aurora/gin-vue-admin/server]2025-07-28 22:01:49.784	[34minfo[0m	D:/GoWork/SX/xm/AI-VideoCloud/server/core/server_run.go:48	å…³é—­WEBæœåŠ¡...
[github.com/flipped-aurora/gin-vue-admin/server]2025-07-28 22:01:49.785	[34minfo[0m	D:/GoWork/SX/xm/AI-VideoCloud/server/core/server_run.go:59	WEBæœåŠ¡å·²å…³é—­
[github.com/flipped-aurora/gin-vue-admin/server]2025-07-28 22:02:25.167	[34minfo[0m	D:/GoWork/SX/xm/AI-VideoCloud/server/initialize/gorm.go:77	register table success
[github.com/flipped-aurora/gin-vue-admin/server]2025-07-28 22:02:25.388	[34minfo[0m	D:/GoWork/SX/xm/AI-VideoCloud/server/initialize/router.go:71	register swagger handler
[github.com/flipped-aurora/gin-vue-admin/server]2025-07-28 22:02:26.446	[34minfo[0m	D:/GoWork/SX/xm/AI-VideoCloud/server/initialize/router.go:120	router register success
[github.com/flipped-aurora/gin-vue-admin/server]2025-07-28 22:03:16.836	[34minfo[0m	D:/GoWork/SX/xm/AI-VideoCloud/server/api/v1/device/monitor_device.go:194	å¼€å§‹è§†é¢‘å®¡æ ¸æµç¨‹	{"streamUrl": "http://www.baidu.com/link?url=Uiq_YZeHXbvfVQW--uvhWKXfhbnyB_qONRHBMT13moI3rCVR4DMnx__fYzJxqflT58lyMuCAXYCx7pcx4sk58K"}
[github.com/flipped-aurora/gin-vue-admin/server]2025-07-28 22:03:16.837	[34minfo[0m	D:/GoWork/SX/xm/AI-VideoCloud/server/api/v1/device/monitor_device.go:30	å¼€å§‹ä»è§†é¢‘æµä¸‹è½½å†…å®¹	{"streamUrl": "http://www.baidu.com/link?url=Uiq_YZeHXbvfVQW--uvhWKXfhbnyB_qONRHBMT13moI3rCVR4DMnx__fYzJxqflT58lyMuCAXYCx7pcx4sk58K"}
[github.com/flipped-aurora/gin-vue-admin/server]2025-07-28 22:03:16.838	[34minfo[0m	D:/GoWork/SX/xm/AI-VideoCloud/server/api/v1/device/monitor_device.go:39	æ£€æµ‹åˆ°HTTP/HTTPS URLï¼Œå¼€å§‹ä¸‹è½½
[github.com/flipped-aurora/gin-vue-admin/server]2025-07-28 22:03:17.395	[34minfo[0m	D:/GoWork/SX/xm/AI-VideoCloud/server/api/v1/device/monitor_device.go:68	è§†é¢‘æµå†…å®¹ç±»å‹	{"contentType": "text/html"}
[github.com/flipped-aurora/gin-vue-admin/server]2025-07-28 22:03:17.398	[34minfo[0m	D:/GoWork/SX/xm/AI-VideoCloud/server/api/v1/device/monitor_device.go:126	è§†é¢‘å†…å®¹è¯»å–å®Œæˆ	{"size": 8276}
[github.com/flipped-aurora/gin-vue-admin/server]2025-07-28 22:03:17.431	[34minfo[0m	D:/GoWork/SX/xm/AI-VideoCloud/server/api/v1/device/monitor_device.go:163	è§†é¢‘æµä¸Šä¼ åˆ°MinIOæˆåŠŸ	{"fileName": "monitor_content_1753711397.bin", "location": "", "minioURL": "http://14.103.149.194:9000/test/monitor_content_1753711397.bin"}
[github.com/flipped-aurora/gin-vue-admin/server]2025-07-28 22:03:17.433	[34minfo[0m	D:/GoWork/SX/xm/AI-VideoCloud/server/api/v1/device/monitor_device.go:206	è§†é¢‘æµä¸Šä¼ åˆ°MinIOæˆåŠŸ	{"minioURL": "http://14.103.149.194:9000/test/monitor_content_1753711397.bin"}
[github.com/flipped-aurora/gin-vue-admin/server]2025-07-28 22:03:17.435	[34minfo[0m	D:/GoWork/SX/xm/AI-VideoCloud/server/api/v1/device/monitor_device.go:210	å·²å°†MinIO URLè®¾ç½®ä¸ºè®¾å¤‡çš„stream_url	{"originalUrl": "http://www.baidu.com/link?url=Uiq_YZeHXbvfVQW--uvhWKXfhbnyB_qONRHBMT13moI3rCVR4DMnx__fYzJxqflT58lyMuCAXYCx7pcx4sk58K", "minioUrl": "http://14.103.149.194:9000/test/monitor_content_1753711397.bin"}
[github.com/flipped-aurora/gin-vue-admin/server]2025-07-28 22:06:06.657	[34minfo[0m	D:/GoWork/SX/xm/AI-VideoCloud/server/core/server_run.go:48	å…³é—­WEBæœåŠ¡...
[github.com/flipped-aurora/gin-vue-admin/server]2025-07-28 22:06:06.658	[34minfo[0m	D:/GoWork/SX/xm/AI-VideoCloud/server/core/server_run.go:59	WEBæœåŠ¡å·²å…³é—­
[github.com/flipped-aurora/gin-vue-admin/server]2025-07-28 22:06:27.605	[34minfo[0m	D:/GoWork/SX/xm/AI-VideoCloud/server/initialize/gorm.go:77	register table success
[github.com/flipped-aurora/gin-vue-admin/server]2025-07-28 22:06:27.711	[34minfo[0m	D:/GoWork/SX/xm/AI-VideoCloud/server/initialize/router.go:71	register swagger handler
[github.com/flipped-aurora/gin-vue-admin/server]2025-07-28 22:06:28.301	[34minfo[0m	D:/GoWork/SX/xm/AI-VideoCloud/server/initialize/router.go:120	router register success
[github.com/flipped-aurora/gin-vue-admin/server]2025-07-28 22:08:25.227	[34minfo[0m	D:/GoWork/SX/xm/AI-VideoCloud/server/api/v1/device/monitor_device.go:194	å¼€å§‹è§†é¢‘å®¡æ ¸æµç¨‹	{"streamUrl": "http://www.baidu.com/link?url=Uiq_YZeHXbvfVQW--uvhWKXfhbnyB_qONRHBMT13moI3rCVR4DMnx__fYzJxqflT58lyMuCAXYCx7pcx4sk58K"}
[github.com/flipped-aurora/gin-vue-admin/server]2025-07-28 22:08:25.227	[34minfo[0m	D:/GoWork/SX/xm/AI-VideoCloud/server/api/v1/device/monitor_device.go:30	å¼€å§‹ä»è§†é¢‘æµä¸‹è½½å†…å®¹	{"streamUrl": "http://www.baidu.com/link?url=Uiq_YZeHXbvfVQW--uvhWKXfhbnyB_qONRHBMT13moI3rCVR4DMnx__fYzJxqflT58lyMuCAXYCx7pcx4sk58K"}
[github.com/flipped-aurora/gin-vue-admin/server]2025-07-28 22:08:25.232	[34minfo[0m	D:/GoWork/SX/xm/AI-VideoCloud/server/api/v1/device/monitor_device.go:39	æ£€æµ‹åˆ°HTTP/HTTPS URLï¼Œå¼€å§‹ä¸‹è½½
[github.com/flipped-aurora/gin-vue-admin/server]2025-07-28 22:08:26.244	[34minfo[0m	D:/GoWork/SX/xm/AI-VideoCloud/server/api/v1/device/monitor_device.go:68	è§†é¢‘æµå†…å®¹ç±»å‹	{"contentType": "text/html"}
[github.com/flipped-aurora/gin-vue-admin/server]2025-07-28 22:08:26.245	[34minfo[0m	D:/GoWork/SX/xm/AI-VideoCloud/server/api/v1/device/monitor_device.go:126	è§†é¢‘å†…å®¹è¯»å–å®Œæˆ	{"size": 8276}
[github.com/flipped-aurora/gin-vue-admin/server]2025-07-28 22:08:26.313	[34minfo[0m	D:/GoWork/SX/xm/AI-VideoCloud/server/api/v1/device/monitor_device.go:163	è§†é¢‘æµä¸Šä¼ åˆ°MinIOæˆåŠŸ	{"fileName": "monitor_content_1753711706.bin", "location": "", "minioURL": "http://14.103.149.194:9000/test/monitor_content_1753711706.bin"}
[github.com/flipped-aurora/gin-vue-admin/server]2025-07-28 22:08:26.314	[34minfo[0m	D:/GoWork/SX/xm/AI-VideoCloud/server/api/v1/device/monitor_device.go:206	è§†é¢‘æµä¸Šä¼ åˆ°MinIOæˆåŠŸ	{"minioURL": "http://14.103.149.194:9000/test/monitor_content_1753711706.bin"}
[github.com/flipped-aurora/gin-vue-admin/server]2025-07-28 22:08:26.315	[34minfo[0m	D:/GoWork/SX/xm/AI-VideoCloud/server/api/v1/device/monitor_device.go:210	å·²å°†MinIO URLè®¾ç½®ä¸ºè®¾å¤‡çš„stream_url	{"originalUrl": "http://www.baidu.com/link?url=Uiq_YZeHXbvfVQW--uvhWKXfhbnyB_qONRHBMT13moI3rCVR4DMnx__fYzJxqflT58lyMuCAXYCx7pcx4sk58K", "minioUrl": "http://14.103.149.194:9000/test/monitor_content_1753711706.bin"}
[github.com/flipped-aurora/gin-vue-admin/server]2025-07-28 22:11:55.640	[34minfo[0m	D:/GoWork/SX/xm/AI-VideoCloud/server/core/server_run.go:48	å…³é—­WEBæœåŠ¡...
[github.com/flipped-aurora/gin-vue-admin/server]2025-07-28 22:11:55.641	[34minfo[0m	D:/GoWork/SX/xm/AI-VideoCloud/server/core/server_run.go:59	WEBæœåŠ¡å·²å…³é—­
[github.com/flipped-aurora/gin-vue-admin/server]2025-07-28 09:26:21.232	[34minfo[0m	C:/Users/æœ‰å•¤é…’è‚šçš„å°ä»™å¥³/Desktop/vc/AI-VideoCloud/server/initialize/gorm.go:77	register table success
[github.com/flipped-aurora/gin-vue-admin/server]2025-07-28 09:26:21.262	[34minfo[0m	C:/Users/æœ‰å•¤é…’è‚šçš„å°ä»™å¥³/Desktop/vc/AI-VideoCloud/server/initialize/router.go:71	register swagger handler
[github.com/flipped-aurora/gin-vue-admin/server]2025-07-28 09:26:23.282	[34minfo[0m	C:/Users/æœ‰å•¤é…’è‚šçš„å°ä»™å¥³/Desktop/vc/AI-VideoCloud/server/initialize/router.go:120	router register success
