[github.com/flipped-aurora/gin-vue-admin/server]2025-07-25 09:03:45.067	[34minfo[0m	C:/Users/æœ‰å•¤é…’è‚šçš„å°ä»™å¥³/Desktop/vc/AI-VideoCloud/server/initialize/gorm.go:77	register table success
[github.com/flipped-aurora/gin-vue-admin/server]2025-07-25 09:03:45.113	[34minfo[0m	C:/Users/æœ‰å•¤é…’è‚šçš„å°ä»™å¥³/Desktop/vc/AI-VideoCloud/server/initialize/router.go:71	register swagger handler
[github.com/flipped-aurora/gin-vue-admin/server]2025-07-25 09:03:45.834	[34minfo[0m	C:/Users/æœ‰å•¤é…’è‚šçš„å°ä»™å¥³/Desktop/vc/AI-VideoCloud/server/initialize/router.go:120	router register success
[github.com/flipped-aurora/gin-vue-admin/server]2025-07-25 09:05:04.145	[34minfo[0m	C:/Users/æœ‰å•¤é…’è‚šçš„å°ä»™å¥³/Desktop/vc/AI-VideoCloud/server/core/server_run.go:48	å…³é—­WEBæœåŠ¡...
[github.com/flipped-aurora/gin-vue-admin/server]2025-07-25 09:05:04.146	[34minfo[0m	C:/Users/æœ‰å•¤é…’è‚šçš„å°ä»™å¥³/Desktop/vc/AI-VideoCloud/server/core/server_run.go:59	WEBæœåŠ¡å·²å…³é—­
[github.com/flipped-aurora/gin-vue-admin/server]2025-07-25 09:05:26.146	[34minfo[0m	C:/Users/æœ‰å•¤é…’è‚šçš„å°ä»™å¥³/Desktop/vc/AI-VideoCloud/server/initialize/gorm.go:77	register table success
[github.com/flipped-aurora/gin-vue-admin/server]2025-07-25 09:05:26.161	[34minfo[0m	C:/Users/æœ‰å•¤é…’è‚šçš„å°ä»™å¥³/Desktop/vc/AI-VideoCloud/server/initialize/router.go:71	register swagger handler
[github.com/flipped-aurora/gin-vue-admin/server]2025-07-25 09:05:26.531	[34minfo[0m	C:/Users/æœ‰å•¤é…’è‚šçš„å°ä»™å¥³/Desktop/vc/AI-VideoCloud/server/initialize/router.go:120	router register success
[github.com/flipped-aurora/gin-vue-admin/server]2025-07-25 09:25:46.799	[34minfo[0m	C:/Users/æœ‰å•¤é…’è‚šçš„å°ä»™å¥³/Desktop/vc/AI-VideoCloud/server/core/server_run.go:48	å…³é—­WEBæœåŠ¡...
[github.com/flipped-aurora/gin-vue-admin/server]2025-07-25 09:25:46.801	[34minfo[0m	C:/Users/æœ‰å•¤é…’è‚šçš„å°ä»™å¥³/Desktop/vc/AI-VideoCloud/server/core/server_run.go:59	WEBæœåŠ¡å·²å…³é—­
[github.com/flipped-aurora/gin-vue-admin/server]2025-07-25 09:26:01.637	[34minfo[0m	C:/Users/æœ‰å•¤é…’è‚šçš„å°ä»™å¥³/Desktop/vc/AI-VideoCloud/server/initialize/gorm.go:77	register table success
[github.com/flipped-aurora/gin-vue-admin/server]2025-07-25 09:26:01.655	[34minfo[0m	C:/Users/æœ‰å•¤é…’è‚šçš„å°ä»™å¥³/Desktop/vc/AI-VideoCloud/server/initialize/router.go:71	register swagger handler
[github.com/flipped-aurora/gin-vue-admin/server]2025-07-25 09:26:02.209	[34minfo[0m	C:/Users/æœ‰å•¤é…’è‚šçš„å°ä»™å¥³/Desktop/vc/AI-VideoCloud/server/initialize/router.go:120	router register success
[github.com/flipped-aurora/gin-vue-admin/server]2025-07-25 12:07:17.963	[34minfo[0m	C:/Users/æœ‰å•¤é…’è‚šçš„å°ä»™å¥³/Desktop/vc/AI-VideoCloud/server/core/server_run.go:48	å…³é—­WEBæœåŠ¡...
[github.com/flipped-aurora/gin-vue-admin/server]2025-07-25 12:07:17.967	[34minfo[0m	C:/Users/æœ‰å•¤é…’è‚šçš„å°ä»™å¥³/Desktop/vc/AI-VideoCloud/server/core/server_run.go:59	WEBæœåŠ¡å·²å…³é—­
[github.com/flipped-aurora/gin-vue-admin/server]2025-07-25 12:08:05.582	[34minfo[0m	C:/Users/æœ‰å•¤é…’è‚šçš„å°ä»™å¥³/Desktop/vc/AI-VideoCloud/server/initialize/gorm.go:77	register table success
[github.com/flipped-aurora/gin-vue-admin/server]2025-07-25 12:08:05.621	[34minfo[0m	C:/Users/æœ‰å•¤é…’è‚šçš„å°ä»™å¥³/Desktop/vc/AI-VideoCloud/server/initialize/router.go:71	register swagger handler
[github.com/flipped-aurora/gin-vue-admin/server]2025-07-25 12:08:06.012	[34minfo[0m	C:/Users/æœ‰å•¤é…’è‚šçš„å°ä»™å¥³/Desktop/vc/AI-VideoCloud/server/initialize/router.go:120	router register success
[github.com/flipped-aurora/gin-vue-admin/server]2025-07-25 12:08:20.563	[34minfo[0m	C:/Users/æœ‰å•¤é…’è‚šçš„å°ä»™å¥³/Desktop/vc/AI-VideoCloud/server/core/server_run.go:48	å…³é—­WEBæœåŠ¡...
[github.com/flipped-aurora/gin-vue-admin/server]2025-07-25 12:08:20.564	[34minfo[0m	C:/Users/æœ‰å•¤é…’è‚šçš„å°ä»™å¥³/Desktop/vc/AI-VideoCloud/server/core/server_run.go:59	WEBæœåŠ¡å·²å…³é—­
[github.com/flipped-aurora/gin-vue-admin/server]2025-07-25 12:08:38.391	[34minfo[0m	C:/Users/æœ‰å•¤é…’è‚šçš„å°ä»™å¥³/Desktop/vc/AI-VideoCloud/server/initialize/gorm.go:77	register table success
[github.com/flipped-aurora/gin-vue-admin/server]2025-07-25 12:08:38.406	[34minfo[0m	C:/Users/æœ‰å•¤é…’è‚šçš„å°ä»™å¥³/Desktop/vc/AI-VideoCloud/server/initialize/router.go:71	register swagger handler
[github.com/flipped-aurora/gin-vue-admin/server]2025-07-25 12:08:39.816	[34minfo[0m	C:/Users/æœ‰å•¤é…’è‚šçš„å°ä»™å¥³/Desktop/vc/AI-VideoCloud/server/initialize/router.go:120	router register success
[github.com/flipped-aurora/gin-vue-admin/server]2025-07-25 12:17:45.238	[34minfo[0m	C:/Users/æœ‰å•¤é…’è‚šçš„å°ä»™å¥³/Desktop/vc/AI-VideoCloud/server/core/server_run.go:48	å…³é—­WEBæœåŠ¡...
[github.com/flipped-aurora/gin-vue-admin/server]2025-07-25 12:17:45.239	[34minfo[0m	C:/Users/æœ‰å•¤é…’è‚šçš„å°ä»™å¥³/Desktop/vc/AI-VideoCloud/server/core/server_run.go:59	WEBæœåŠ¡å·²å…³é—­
[github.com/flipped-aurora/gin-vue-admin/server]2025-07-25 12:21:46.854	[34minfo[0m	C:/Users/æœ‰å•¤é…’è‚šçš„å°ä»™å¥³/Desktop/vc/AI-VideoCloud/server/initialize/gorm.go:77	register table success
[github.com/flipped-aurora/gin-vue-admin/server]2025-07-25 12:21:46.876	[34minfo[0m	C:/Users/æœ‰å•¤é…’è‚šçš„å°ä»™å¥³/Desktop/vc/AI-VideoCloud/server/initialize/router.go:71	register swagger handler
[github.com/flipped-aurora/gin-vue-admin/server]2025-07-25 12:21:47.424	[34minfo[0m	C:/Users/æœ‰å•¤é…’è‚šçš„å°ä»™å¥³/Desktop/vc/AI-VideoCloud/server/initialize/router.go:120	router register success
